["null","15911633998","a1111111"]
["main","15911633998","a1111111"]
["main","15911633998","a1111111"]
["main","15911633998","a1111111"]
["15911633998","a1111111"]
["main","15911633998","a1111111"]
["main","15911633998","a1111111"]
["15911633998","a1111111"]
["15911633998","a1111111"]
[""]
["15911633998","a1111111"]
["15911633998","a1111111"]
["15911633998","a1111111"]
["15911633998","a1111111"]
["15911633998","a1111111"]
["15911633998","a1111111"]
["15911633998","a1111111"]
["15911633998","a1111111"]
["15911633998","a1111111"]
["15911633998","a1111111"]
["18338355701","wolf31415926"]
["15911633998","a1111111"]
["15911633998","a1111111"]
["15911633998","a1111111"]
["15911633998","a1111111"]
["15911633998","a1111111"]
["15911633998","a1111111"]
["15911633998","a1111111"]
["15911633998","a1111111"]
["15911633998","a1111111"]
["15911633998","a1111111"]
["15911633998","a1111111"]
["15911633998","a1111111"]
["15911633998","a1111111"]
["15911633998","a1111111"]
["15911633998","a1111111"]
["15911633998","a1111111"]
["15911633998","a1111111"]
["15911633998","a1111111"]
["15911633998","a1111111"]
["15911633998","a1111111"]
["15911633998","a1111111"]
["15911633998","a1111111"]
["15911633998","a1111111"]
["15911633998","a1111111"]
["15911633998","a1111111"]
["15911633998","a1111111"]
["15911633998","a1111111"]
["15911633998","a1111111"]
["15911633998","a1111111"]
["15911633998","a1111111"]
["15911633998","a1111111"]
["15911633998","a1111111"]
["15911633998","a1111111"]
["15911633998","a1111111"]
["15911633998","a1111111"]
["15911633998","a1111111"]
["15911633998","a1111111"]
["15911633998","a1111111"]
["15911633998","a1111111"]
["18338355701","wolf31415926"]
["15911633998","a1111111"]
["18338355701","wolf31415926"]
["15911633998","a1111111"]
["15911633998","a1111111"]
["15911633998","a1111111"]
["15911633998","a1111111"]
["18338355701","wolf31415926"]
["15911633998","a1111111"]
["15911633998","a1111111"]
["15911633998","a1111111"]
["15911633998","a1111111"]
["15911633998","a1111111"]
["15911633998","a1111111"]
["15911633998","a1111111"]
["15911633998","a1111111"]
